{"/home/aparna/nodejs/src/app.ts": {"path":"/home/aparna/nodejs/src/app.ts","statementMap":{"0":{"start":{"line":1,"column":0},"end":{"line":1,"column":30}},"1":{"start":{"line":3,"column":0},"end":{"line":3,"column":54}},"2":{"start":{"line":4,"column":0},"end":{"line":4,"column":62}},"3":{"start":{"line":5,"column":0},"end":{"line":5,"column":37}},"4":{"start":{"line":6,"column":0},"end":{"line":6,"column":45}},"5":{"start":{"line":7,"column":0},"end":{"line":7,"column":60}},"6":{"start":{"line":9,"column":15},"end":{"line":9,"column":24}},"7":{"start":{"line":11,"column":0},"end":{"line":11,"column":30}},"8":{"start":{"line":12,"column":0},"end":{"line":12,"column":29}},"9":{"start":{"line":13,"column":0},"end":{"line":13,"column":41}},"10":{"start":{"line":14,"column":0},"end":{"line":14,"column":28}},"11":{"start":{"line":16,"column":0},"end":{"line":19,"column":3}},"12":{"start":{"line":17,"column":2},"end":{"line":17,"column":23}},"13":{"start":{"line":18,"column":2},"end":{"line":18,"column":39}},"14":{"start":{"line":21,"column":0},"end":{"line":31,"column":5}},"15":{"start":{"line":21,"column":12},"end":{"line":31,"column":2}},"16":{"start":{"line":22,"column":2},"end":{"line":27,"column":3}},"17":{"start":{"line":23,"column":4},"end":{"line":23,"column":34}},"18":{"start":{"line":25,"column":4},"end":{"line":25,"column":46}},"19":{"start":{"line":26,"column":4},"end":{"line":26,"column":20}},"20":{"start":{"line":28,"column":2},"end":{"line":30,"column":5}},"21":{"start":{"line":29,"column":4},"end":{"line":29,"column":50}}},"fnMap":{"0":{"name":"(anonymous_8)","decl":{"start":{"line":16,"column":16},"end":{"line":16,"column":17}},"loc":{"start":{"line":16,"column":48},"end":{"line":19,"column":1}}},"1":{"name":"(anonymous_9)","decl":{"start":{"line":21,"column":1},"end":{"line":21,"column":10}},"loc":{"start":{"line":21,"column":12},"end":{"line":31,"column":2}}},"2":{"name":"(anonymous_10)","decl":{"start":{"line":21,"column":12},"end":{"line":21,"column":null}},"loc":{"start":{"line":21,"column":12},"end":{"line":31,"column":1}}},"3":{"name":"(anonymous_11)","decl":{"start":{"line":28,"column":22},"end":{"line":28,"column":25}},"loc":{"start":{"line":28,"column":27},"end":{"line":30,"column":3}}}},"branchMap":{},"s":{"0":0,"1":0,"2":0,"3":0,"4":0,"5":0,"6":0,"7":0,"8":0,"9":0,"10":0,"11":0,"12":0,"13":0,"14":0,"15":0,"16":0,"17":0,"18":0,"19":0,"20":0,"21":0},"f":{"0":0,"1":0,"2":0,"3":0},"b":{}}
,"/home/aparna/nodejs/src/controller/employee.controller.ts": {"path":"/home/aparna/nodejs/src/controller/employee.controller.ts","statementMap":{"0":{"start":{"line":1,"column":0},"end":{"line":1,"column":48}},"1":{"start":{"line":3,"column":0},"end":{"line":3,"column":61}},"2":{"start":{"line":4,"column":0},"end":{"line":4,"column":52}},"3":{"start":{"line":5,"column":0},"end":{"line":5,"column":75}},"4":{"start":{"line":6,"column":0},"end":{"line":6,"column":43}},"5":{"start":{"line":8,"column":0},"end":{"line":8,"column":59}},"6":{"start":{"line":9,"column":0},"end":{"line":9,"column":42}},"7":{"start":{"line":14,"column":22},"end":{"line":14,"column":54}},"8":{"start":{"line":25,"column":9},"end":{"line":31,"column":4}},"9":{"start":{"line":28,"column":6},"end":{"line":31,"column":4}},"10":{"start":{"line":29,"column":22},"end":{"line":29,"column":66}},"11":{"start":{"line":30,"column":4},"end":{"line":30,"column":36}},"12":{"start":{"line":33,"column":9},"end":{"line":55,"column":4}},"13":{"start":{"line":37,"column":6},"end":{"line":55,"column":4}},"14":{"start":{"line":38,"column":4},"end":{"line":54,"column":5}},"15":{"start":{"line":39,"column":23},"end":{"line":40,"column":null}},"16":{"start":{"line":43,"column":6},"end":{"line":49,"column":7}},"17":{"start":{"line":44,"column":22},"end":{"line":46,"column":null}},"18":{"start":{"line":48,"column":8},"end":{"line":48,"column":20}},"19":{"start":{"line":51,"column":6},"end":{"line":51,"column":42}},"20":{"start":{"line":53,"column":6},"end":{"line":53,"column":16}},"21":{"start":{"line":57,"column":9},"end":{"line":69,"column":4}},"22":{"start":{"line":61,"column":6},"end":{"line":69,"column":4}},"23":{"start":{"line":62,"column":4},"end":{"line":68,"column":5}},"24":{"start":{"line":63,"column":34},"end":{"line":63,"column":42}},"25":{"start":{"line":64,"column":20},"end":{"line":64,"column":77}},"26":{"start":{"line":65,"column":6},"end":{"line":65,"column":44}},"27":{"start":{"line":67,"column":6},"end":{"line":67,"column":18}},"28":{"start":{"line":71,"column":9},"end":{"line":103,"column":4}},"29":{"start":{"line":75,"column":6},"end":{"line":103,"column":4}},"30":{"start":{"line":76,"column":4},"end":{"line":102,"column":5}},"31":{"start":{"line":78,"column":17},"end":{"line":78,"column":25}},"32":{"start":{"line":80,"column":6},"end":{"line":82,"column":7}},"33":{"start":{"line":81,"column":8},"end":{"line":81,"column":57}},"34":{"start":{"line":83,"column":26},"end":{"line":83,"column":70}},"35":{"start":{"line":84,"column":21},"end":{"line":84,"column":48}},"36":{"start":{"line":86,"column":6},"end":{"line":89,"column":7}},"37":{"start":{"line":87,"column":8},"end":{"line":87,"column":28}},"38":{"start":{"line":88,"column":8},"end":{"line":88,"column":65}},"39":{"start":{"line":91,"column":24},"end":{"line":97,"column":null}},"40":{"start":{"line":99,"column":6},"end":{"line":99,"column":38}},"41":{"start":{"line":101,"column":6},"end":{"line":101,"column":16}},"42":{"start":{"line":105,"column":9},"end":{"line":126,"column":4}},"43":{"start":{"line":109,"column":6},"end":{"line":126,"column":4}},"44":{"start":{"line":110,"column":4},"end":{"line":125,"column":5}},"45":{"start":{"line":111,"column":26},"end":{"line":111,"column":70}},"46":{"start":{"line":112,"column":21},"end":{"line":112,"column":48}},"47":{"start":{"line":114,"column":6},"end":{"line":116,"column":7}},"48":{"start":{"line":115,"column":8},"end":{"line":115,"column":65}},"49":{"start":{"line":117,"column":24},"end":{"line":120,"column":null}},"50":{"start":{"line":122,"column":6},"end":{"line":122,"column":38}},"51":{"start":{"line":124,"column":6},"end":{"line":124,"column":16}},"52":{"start":{"line":128,"column":9},"end":{"line":145,"column":4}},"53":{"start":{"line":132,"column":6},"end":{"line":145,"column":4}},"54":{"start":{"line":133,"column":4},"end":{"line":144,"column":5}},"55":{"start":{"line":134,"column":25},"end":{"line":134,"column":54}},"56":{"start":{"line":135,"column":6},"end":{"line":137,"column":7}},"57":{"start":{"line":136,"column":8},"end":{"line":136,"column":61}},"58":{"start":{"line":138,"column":24},"end":{"line":139,"column":null}},"59":{"start":{"line":141,"column":6},"end":{"line":141,"column":38}},"60":{"start":{"line":143,"column":6},"end":{"line":143,"column":16}},"61":{"start":{"line":15,"column":4},"end":{"line":15,"column":35}},"62":{"start":{"line":17,"column":4},"end":{"line":17,"column":47}},"63":{"start":{"line":18,"column":4},"end":{"line":18,"column":50}},"64":{"start":{"line":19,"column":4},"end":{"line":19,"column":51}},"65":{"start":{"line":20,"column":4},"end":{"line":20,"column":49}},"66":{"start":{"line":21,"column":4},"end":{"line":21,"column":52}},"67":{"start":{"line":22,"column":4},"end":{"line":22,"column":58}},"68":{"start":{"line":148,"column":0},"end":{"line":148,"column":34}}},"fnMap":{"0":{"name":"(anonymous_8)","decl":{"start":{"line":14,"column":2},"end":{"line":14,"column":22}},"loc":{"start":{"line":14,"column":54},"end":{"line":23,"column":3}}},"1":{"name":"(anonymous_9)","decl":{"start":{"line":25,"column":27},"end":{"line":25,"column":null}},"loc":{"start":{"line":28,"column":6},"end":{"line":31,"column":4}}},"2":{"name":"(anonymous_10)","decl":{"start":{"line":28,"column":6},"end":{"line":28,"column":null}},"loc":{"start":{"line":28,"column":6},"end":{"line":31,"column":3}}},"3":{"name":"(anonymous_11)","decl":{"start":{"line":33,"column":27},"end":{"line":33,"column":null}},"loc":{"start":{"line":37,"column":6},"end":{"line":55,"column":4}}},"4":{"name":"(anonymous_12)","decl":{"start":{"line":37,"column":6},"end":{"line":37,"column":null}},"loc":{"start":{"line":37,"column":6},"end":{"line":55,"column":3}}},"5":{"name":"(anonymous_13)","decl":{"start":{"line":57,"column":25},"end":{"line":57,"column":null}},"loc":{"start":{"line":61,"column":6},"end":{"line":69,"column":4}}},"6":{"name":"(anonymous_14)","decl":{"start":{"line":61,"column":6},"end":{"line":61,"column":null}},"loc":{"start":{"line":61,"column":6},"end":{"line":69,"column":3}}},"7":{"name":"(anonymous_15)","decl":{"start":{"line":71,"column":26},"end":{"line":71,"column":null}},"loc":{"start":{"line":75,"column":6},"end":{"line":103,"column":4}}},"8":{"name":"(anonymous_16)","decl":{"start":{"line":75,"column":6},"end":{"line":75,"column":null}},"loc":{"start":{"line":75,"column":6},"end":{"line":103,"column":3}}},"9":{"name":"(anonymous_17)","decl":{"start":{"line":105,"column":26},"end":{"line":105,"column":null}},"loc":{"start":{"line":109,"column":6},"end":{"line":126,"column":4}}},"10":{"name":"(anonymous_18)","decl":{"start":{"line":109,"column":6},"end":{"line":109,"column":null}},"loc":{"start":{"line":109,"column":6},"end":{"line":126,"column":3}}},"11":{"name":"(anonymous_19)","decl":{"start":{"line":128,"column":26},"end":{"line":128,"column":null}},"loc":{"start":{"line":132,"column":6},"end":{"line":145,"column":4}}},"12":{"name":"(anonymous_20)","decl":{"start":{"line":132,"column":6},"end":{"line":132,"column":null}},"loc":{"start":{"line":132,"column":6},"end":{"line":145,"column":3}}}},"branchMap":{"0":{"loc":{"start":{"line":43,"column":6},"end":{"line":49,"column":7}},"type":"if","locations":[{"start":{"line":43,"column":6},"end":{"line":49,"column":7}}]},"1":{"loc":{"start":{"line":80,"column":6},"end":{"line":82,"column":7}},"type":"if","locations":[{"start":{"line":80,"column":6},"end":{"line":82,"column":7}}]},"2":{"loc":{"start":{"line":86,"column":6},"end":{"line":89,"column":7}},"type":"if","locations":[{"start":{"line":86,"column":6},"end":{"line":89,"column":7}}]},"3":{"loc":{"start":{"line":114,"column":6},"end":{"line":116,"column":7}},"type":"if","locations":[{"start":{"line":114,"column":6},"end":{"line":116,"column":7}}]},"4":{"loc":{"start":{"line":135,"column":6},"end":{"line":137,"column":7}},"type":"if","locations":[{"start":{"line":135,"column":6},"end":{"line":137,"column":7}}]}},"s":{"0":0,"1":0,"2":0,"3":0,"4":0,"5":0,"6":0,"7":0,"8":0,"9":0,"10":0,"11":0,"12":0,"13":0,"14":0,"15":0,"16":0,"17":0,"18":0,"19":0,"20":0,"21":0,"22":0,"23":0,"24":0,"25":0,"26":0,"27":0,"28":0,"29":0,"30":0,"31":0,"32":0,"33":0,"34":0,"35":0,"36":0,"37":0,"38":0,"39":0,"40":0,"41":0,"42":0,"43":0,"44":0,"45":0,"46":0,"47":0,"48":0,"49":0,"50":0,"51":0,"52":0,"53":0,"54":0,"55":0,"56":0,"57":0,"58":0,"59":0,"60":0,"61":0,"62":0,"63":0,"64":0,"65":0,"66":0,"67":0,"68":0},"f":{"0":0,"1":0,"2":0,"3":0,"4":0,"5":0,"6":0,"7":0,"8":0,"9":0,"10":0,"11":0,"12":0},"b":{"0":[0],"1":[0],"2":[0],"3":[0],"4":[0]}}
,"/home/aparna/nodejs/src/db/data-source.db.ts": {"path":"/home/aparna/nodejs/src/db/data-source.db.ts","statementMap":{"0":{"start":{"line":1,"column":0},"end":{"line":1,"column":26}},"1":{"start":{"line":2,"column":0},"end":{"line":2,"column":37}},"2":{"start":{"line":3,"column":0},"end":{"line":3,"column":64}},"3":{"start":{"line":5,"column":19},"end":{"line":18,"column":2}},"4":{"start":{"line":20,"column":0},"end":{"line":20,"column":26}}},"fnMap":{},"branchMap":{},"s":{"0":0,"1":0,"2":0,"3":0,"4":0},"f":{},"b":{}}
,"/home/aparna/nodejs/src/db/migrations/1720084556976-create-employee.ts": {"path":"/home/aparna/nodejs/src/db/migrations/1720084556976-create-employee.ts","statementMap":{"0":{"start":{"line":4,"column":4},"end":{"line":4,"column":null}},"1":{"start":{"line":7,"column":8},"end":{"line":7,"column":335}},"2":{"start":{"line":11,"column":8},"end":{"line":11,"column":57}},"3":{"start":{"line":3,"column":0},"end":{"line":3,"column":13}}},"fnMap":{"0":{"name":"(anonymous_7)","decl":{"start":{"line":3,"column":0},"end":{"line":3,"column":13}},"loc":{"start":{"line":3,"column":0},"end":{"line":14,"column":1}}},"1":{"name":"(anonymous_8)","decl":{"start":{"line":6,"column":17},"end":{"line":6,"column":19}},"loc":{"start":{"line":6,"column":44},"end":{"line":8,"column":null}}},"2":{"name":"(anonymous_10)","decl":{"start":{"line":10,"column":17},"end":{"line":10,"column":21}},"loc":{"start":{"line":10,"column":46},"end":{"line":12,"column":null}}}},"branchMap":{},"s":{"0":0,"1":0,"2":0,"3":0},"f":{"0":0,"1":0,"2":0},"b":{}}
,"/home/aparna/nodejs/src/db/migrations/1720084740959-add-age.ts": {"path":"/home/aparna/nodejs/src/db/migrations/1720084740959-add-age.ts","statementMap":{"0":{"start":{"line":4,"column":4},"end":{"line":4,"column":null}},"1":{"start":{"line":7,"column":8},"end":{"line":7,"column":85}},"2":{"start":{"line":11,"column":8},"end":{"line":11,"column":76}},"3":{"start":{"line":3,"column":0},"end":{"line":3,"column":13}}},"fnMap":{"0":{"name":"(anonymous_7)","decl":{"start":{"line":3,"column":0},"end":{"line":3,"column":13}},"loc":{"start":{"line":3,"column":0},"end":{"line":14,"column":1}}},"1":{"name":"(anonymous_8)","decl":{"start":{"line":6,"column":17},"end":{"line":6,"column":19}},"loc":{"start":{"line":6,"column":44},"end":{"line":8,"column":null}}},"2":{"name":"(anonymous_10)","decl":{"start":{"line":10,"column":17},"end":{"line":10,"column":21}},"loc":{"start":{"line":10,"column":46},"end":{"line":12,"column":null}}}},"branchMap":{},"s":{"0":0,"1":0,"2":0,"3":0},"f":{"0":0,"1":0,"2":0},"b":{}}
,"/home/aparna/nodejs/src/db/migrations/1720090259264-address-entity-creation.ts": {"path":"/home/aparna/nodejs/src/db/migrations/1720090259264-address-entity-creation.ts","statementMap":{"0":{"start":{"line":4,"column":4},"end":{"line":4,"column":null}},"1":{"start":{"line":7,"column":8},"end":{"line":7,"column":428}},"2":{"start":{"line":8,"column":8},"end":{"line":8,"column":201}},"3":{"start":{"line":12,"column":8},"end":{"line":12,"column":106}},"4":{"start":{"line":13,"column":8},"end":{"line":13,"column":56}},"5":{"start":{"line":3,"column":0},"end":{"line":3,"column":13}}},"fnMap":{"0":{"name":"(anonymous_7)","decl":{"start":{"line":3,"column":0},"end":{"line":3,"column":13}},"loc":{"start":{"line":3,"column":0},"end":{"line":16,"column":1}}},"1":{"name":"(anonymous_8)","decl":{"start":{"line":6,"column":17},"end":{"line":6,"column":19}},"loc":{"start":{"line":6,"column":44},"end":{"line":9,"column":null}}},"2":{"name":"(anonymous_10)","decl":{"start":{"line":11,"column":17},"end":{"line":11,"column":21}},"loc":{"start":{"line":11,"column":46},"end":{"line":14,"column":null}}}},"branchMap":{},"s":{"0":0,"1":0,"2":0,"3":0,"4":0,"5":0},"f":{"0":0,"1":0,"2":0},"b":{}}
,"/home/aparna/nodejs/src/db/migrations/1720156548640-login-details-updated.ts": {"path":"/home/aparna/nodejs/src/db/migrations/1720156548640-login-details-updated.ts","statementMap":{"0":{"start":{"line":4,"column":4},"end":{"line":4,"column":null}},"1":{"start":{"line":7,"column":8},"end":{"line":7,"column":91}},"2":{"start":{"line":8,"column":8},"end":{"line":8,"column":87}},"3":{"start":{"line":12,"column":8},"end":{"line":12,"column":77}},"4":{"start":{"line":13,"column":8},"end":{"line":13,"column":81}},"5":{"start":{"line":3,"column":0},"end":{"line":3,"column":13}}},"fnMap":{"0":{"name":"(anonymous_7)","decl":{"start":{"line":3,"column":0},"end":{"line":3,"column":13}},"loc":{"start":{"line":3,"column":0},"end":{"line":16,"column":1}}},"1":{"name":"(anonymous_8)","decl":{"start":{"line":6,"column":17},"end":{"line":6,"column":19}},"loc":{"start":{"line":6,"column":44},"end":{"line":9,"column":null}}},"2":{"name":"(anonymous_10)","decl":{"start":{"line":11,"column":17},"end":{"line":11,"column":21}},"loc":{"start":{"line":11,"column":46},"end":{"line":14,"column":null}}}},"branchMap":{},"s":{"0":0,"1":0,"2":0,"3":0,"4":0,"5":0},"f":{"0":0,"1":0,"2":0},"b":{}}
,"/home/aparna/nodejs/src/dto/address.dto.ts": {"path":"/home/aparna/nodejs/src/dto/address.dto.ts","statementMap":{"0":{"start":{"line":1,"column":0},"end":{"line":1,"column":67}},"1":{"start":{"line":3,"column":0},"end":{"line":3,"column":13}},"2":{"start":{"line":6,"column":2},"end":{"line":6,"column":null}},"3":{"start":{"line":10,"column":2},"end":{"line":10,"column":null}},"4":{"start":{"line":13,"column":0},"end":{"line":13,"column":13}},"5":{"start":{"line":16,"column":2},"end":{"line":16,"column":null}},"6":{"start":{"line":20,"column":2},"end":{"line":20,"column":null}}},"fnMap":{},"branchMap":{},"s":{"0":0,"1":0,"2":0,"3":0,"4":0,"5":0,"6":0},"f":{},"b":{}}
,"/home/aparna/nodejs/src/dto/employee.dto.ts": {"path":"/home/aparna/nodejs/src/dto/employee.dto.ts","statementMap":{"0":{"start":{"line":1,"column":0},"end":{"line":1,"column":null}},"1":{"start":{"line":10,"column":0},"end":{"line":10,"column":67}},"2":{"start":{"line":11,"column":0},"end":{"line":11,"column":41}},"3":{"start":{"line":12,"column":0},"end":{"line":12,"column":26}},"4":{"start":{"line":13,"column":0},"end":{"line":13,"column":42}},"5":{"start":{"line":15,"column":0},"end":{"line":15,"column":13}},"6":{"start":{"line":18,"column":2},"end":{"line":18,"column":null}},"7":{"start":{"line":23,"column":2},"end":{"line":23,"column":null}},"8":{"start":{"line":27,"column":2},"end":{"line":27,"column":null}},"9":{"start":{"line":32,"column":2},"end":{"line":32,"column":null}},"10":{"start":{"line":31,"column":14},"end":{"line":31,"column":30}},"11":{"start":{"line":36,"column":2},"end":{"line":36,"column":null}},"12":{"start":{"line":40,"column":2},"end":{"line":40,"column":null}},"13":{"start":{"line":43,"column":0},"end":{"line":43,"column":13}},"14":{"start":{"line":46,"column":2},"end":{"line":46,"column":null}},"15":{"start":{"line":51,"column":2},"end":{"line":51,"column":null}},"16":{"start":{"line":55,"column":2},"end":{"line":55,"column":null}},"17":{"start":{"line":60,"column":2},"end":{"line":60,"column":null}},"18":{"start":{"line":59,"column":14},"end":{"line":59,"column":30}}},"fnMap":{"0":{"name":"(anonymous_2)","decl":{"start":{"line":31,"column":8},"end":{"line":31,"column":11}},"loc":{"start":{"line":31,"column":14},"end":{"line":31,"column":30}}},"1":{"name":"(anonymous_3)","decl":{"start":{"line":59,"column":8},"end":{"line":59,"column":11}},"loc":{"start":{"line":59,"column":14},"end":{"line":59,"column":30}}}},"branchMap":{},"s":{"0":0,"1":0,"2":0,"3":0,"4":0,"5":0,"6":0,"7":0,"8":0,"9":0,"10":0,"11":0,"12":0,"13":0,"14":0,"15":0,"16":0,"17":0,"18":0},"f":{"0":0,"1":0},"b":{}}
,"/home/aparna/nodejs/src/entity/abstract-entity.ts": {"path":"/home/aparna/nodejs/src/entity/abstract-entity.ts","statementMap":{"0":{"start":{"line":1,"column":0},"end":{"line":1,"column":103}},"1":{"start":{"line":7,"column":2},"end":{"line":7,"column":null}},"2":{"start":{"line":10,"column":2},"end":{"line":10,"column":null}},"3":{"start":{"line":13,"column":2},"end":{"line":13,"column":null}},"4":{"start":{"line":16,"column":2},"end":{"line":16,"column":null}},"5":{"start":{"line":19,"column":0},"end":{"line":19,"column":30}}},"fnMap":{},"branchMap":{},"s":{"0":1,"1":1,"2":1,"3":1,"4":1,"5":1},"f":{},"b":{}}
,"/home/aparna/nodejs/src/entity/address.entity.ts": {"path":"/home/aparna/nodejs/src/entity/address.entity.ts","statementMap":{"0":{"start":{"line":1,"column":0},"end":{"line":1,"column":63}},"1":{"start":{"line":2,"column":0},"end":{"line":2,"column":47}},"2":{"start":{"line":3,"column":0},"end":{"line":3,"column":41}},"3":{"start":{"line":6,"column":0},"end":{"line":16,"column":null}},"4":{"start":{"line":8,"column":2},"end":{"line":8,"column":null}},"5":{"start":{"line":11,"column":2},"end":{"line":11,"column":null}},"6":{"start":{"line":15,"column":2},"end":{"line":15,"column":null}},"7":{"start":{"line":13,"column":18},"end":{"line":13,"column":26}},"8":{"start":{"line":13,"column":42},"end":{"line":13,"column":58}},"9":{"start":{"line":6,"column":6},"end":{"line":16,"column":null}},"10":{"start":{"line":18,"column":0},"end":{"line":18,"column":23}}},"fnMap":{"0":{"name":"(anonymous_3)","decl":{"start":{"line":13,"column":12},"end":{"line":13,"column":15}},"loc":{"start":{"line":13,"column":18},"end":{"line":13,"column":26}}},"1":{"name":"(anonymous_4)","decl":{"start":{"line":13,"column":28},"end":{"line":13,"column":29}},"loc":{"start":{"line":13,"column":42},"end":{"line":13,"column":58}}}},"branchMap":{},"s":{"0":1,"1":1,"2":1,"3":1,"4":1,"5":1,"6":1,"7":0,"8":0,"9":1,"10":1},"f":{"0":0,"1":0},"b":{}}
,"/home/aparna/nodejs/src/entity/employee.entity.ts": {"path":"/home/aparna/nodejs/src/entity/employee.entity.ts","statementMap":{"0":{"start":{"line":1,"column":0},"end":{"line":1,"column":51}},"1":{"start":{"line":2,"column":0},"end":{"line":2,"column":47}},"2":{"start":{"line":3,"column":0},"end":{"line":3,"column":39}},"3":{"start":{"line":4,"column":0},"end":{"line":4,"column":42}},"4":{"start":{"line":7,"column":0},"end":{"line":28,"column":null}},"5":{"start":{"line":9,"column":2},"end":{"line":9,"column":null}},"6":{"start":{"line":12,"column":2},"end":{"line":12,"column":null}},"7":{"start":{"line":15,"column":2},"end":{"line":15,"column":null}},"8":{"start":{"line":18,"column":2},"end":{"line":18,"column":null}},"9":{"start":{"line":21,"column":2},"end":{"line":21,"column":null}},"10":{"start":{"line":27,"column":2},"end":{"line":27,"column":null}},"11":{"start":{"line":23,"column":18},"end":{"line":23,"column":25}},"12":{"start":{"line":23,"column":40},"end":{"line":23,"column":56}},"13":{"start":{"line":7,"column":6},"end":{"line":28,"column":null}},"14":{"start":{"line":30,"column":0},"end":{"line":30,"column":24}}},"fnMap":{"0":{"name":"(anonymous_3)","decl":{"start":{"line":23,"column":12},"end":{"line":23,"column":15}},"loc":{"start":{"line":23,"column":18},"end":{"line":23,"column":25}}},"1":{"name":"(anonymous_4)","decl":{"start":{"line":23,"column":27},"end":{"line":23,"column":28}},"loc":{"start":{"line":23,"column":40},"end":{"line":23,"column":56}}}},"branchMap":{},"s":{"0":1,"1":1,"2":1,"3":1,"4":1,"5":1,"6":1,"7":1,"8":1,"9":1,"10":1,"11":0,"12":0,"13":1,"14":1},"f":{"0":0,"1":0},"b":{}}
,"/home/aparna/nodejs/src/middleware/authorize.middleware.ts": {"path":"/home/aparna/nodejs/src/middleware/authorize.middleware.ts","statementMap":{"0":{"start":{"line":2,"column":0},"end":{"line":2,"column":48}},"1":{"start":{"line":5,"column":0},"end":{"line":5,"column":40}},"2":{"start":{"line":7,"column":18},"end":{"line":24,"column":2}},"3":{"start":{"line":11,"column":4},"end":{"line":24,"column":2}},"4":{"start":{"line":12,"column":2},"end":{"line":23,"column":3}},"5":{"start":{"line":13,"column":18},"end":{"line":13,"column":48}},"6":{"start":{"line":14,"column":20},"end":{"line":14,"column":58}},"7":{"start":{"line":16,"column":4},"end":{"line":16,"column":44}},"8":{"start":{"line":17,"column":4},"end":{"line":17,"column":46}},"9":{"start":{"line":18,"column":4},"end":{"line":18,"column":44}},"10":{"start":{"line":20,"column":4},"end":{"line":20,"column":18}},"11":{"start":{"line":22,"column":4},"end":{"line":22,"column":23}},"12":{"start":{"line":26,"column":34},"end":{"line":29,"column":1}},"13":{"start":{"line":27,"column":22},"end":{"line":27,"column":49}},"14":{"start":{"line":28,"column":2},"end":{"line":28,"column":21}},"15":{"start":{"line":31,"column":0},"end":{"line":31,"column":25}}},"fnMap":{"0":{"name":"(anonymous_8)","decl":{"start":{"line":7,"column":18},"end":{"line":7,"column":null}},"loc":{"start":{"line":11,"column":4},"end":{"line":24,"column":2}}},"1":{"name":"(anonymous_9)","decl":{"start":{"line":11,"column":4},"end":{"line":11,"column":null}},"loc":{"start":{"line":11,"column":4},"end":{"line":24,"column":1}}},"2":{"name":"(anonymous_10)","decl":{"start":{"line":26,"column":34},"end":{"line":26,"column":35}},"loc":{"start":{"line":26,"column":59},"end":{"line":29,"column":1}}}},"branchMap":{},"s":{"0":0,"1":0,"2":0,"3":0,"4":0,"5":0,"6":0,"7":0,"8":0,"9":0,"10":0,"11":0,"12":0,"13":0,"14":0,"15":0},"f":{"0":0,"1":0,"2":0},"b":{}}
,"/home/aparna/nodejs/src/middleware/error.middleware.ts": {"path":"/home/aparna/nodejs/src/middleware/error.middleware.ts","statementMap":{"0":{"start":{"line":2,"column":0},"end":{"line":2,"column":61}},"1":{"start":{"line":4,"column":24},"end":{"line":41,"column":1}},"2":{"start":{"line":10,"column":2},"end":{"line":40,"column":3}},"3":{"start":{"line":11,"column":4},"end":{"line":37,"column":5}},"4":{"start":{"line":16,"column":26},"end":{"line":20,"column":8}},"5":{"start":{"line":22,"column":6},"end":{"line":31,"column":7}},"6":{"start":{"line":23,"column":37},"end":{"line":23,"column":39}},"7":{"start":{"line":24,"column":8},"end":{"line":28,"column":11}},"8":{"start":{"line":25,"column":10},"end":{"line":27,"column":11}},"9":{"start":{"line":26,"column":12},"end":{"line":26,"column":78}},"10":{"start":{"line":30,"column":8},"end":{"line":30,"column":50}},"11":{"start":{"line":33,"column":6},"end":{"line":33,"column":59}},"12":{"start":{"line":35,"column":6},"end":{"line":35,"column":33}},"13":{"start":{"line":36,"column":6},"end":{"line":36,"column":70}},"14":{"start":{"line":39,"column":4},"end":{"line":39,"column":16}},"15":{"start":{"line":43,"column":0},"end":{"line":43,"column":31}}},"fnMap":{"0":{"name":"(anonymous_1)","decl":{"start":{"line":4,"column":24},"end":{"line":4,"column":null}},"loc":{"start":{"line":9,"column":4},"end":{"line":41,"column":1}}},"1":{"name":"(anonymous_2)","decl":{"start":{"line":24,"column":39},"end":{"line":24,"column":40}},"loc":{"start":{"line":24,"column":59},"end":{"line":28,"column":9}}}},"branchMap":{"0":{"loc":{"start":{"line":11,"column":4},"end":{"line":37,"column":5}},"type":"if","locations":[{"start":{"line":11,"column":4},"end":{"line":37,"column":5}},{"start":{"line":34,"column":11},"end":{"line":37,"column":5}}]},"1":{"loc":{"start":{"line":22,"column":6},"end":{"line":31,"column":7}},"type":"if","locations":[{"start":{"line":22,"column":6},"end":{"line":31,"column":7}}]}},"s":{"0":0,"1":0,"2":0,"3":0,"4":0,"5":0,"6":0,"7":0,"8":0,"9":0,"10":0,"11":0,"12":0,"13":0,"14":0,"15":0},"f":{"0":0,"1":0},"b":{"0":[0,0],"1":[0]}}
,"/home/aparna/nodejs/src/middleware/logger.middleware.ts": {"path":"/home/aparna/nodejs/src/middleware/logger.middleware.ts","statementMap":{"0":{"start":{"line":1,"column":25},"end":{"line":4,"column":1}},"1":{"start":{"line":2,"column":2},"end":{"line":2,"column":72}},"2":{"start":{"line":3,"column":2},"end":{"line":3,"column":9}},"3":{"start":{"line":6,"column":0},"end":{"line":6,"column":32}}},"fnMap":{"0":{"name":"(anonymous_0)","decl":{"start":{"line":1,"column":25},"end":{"line":1,"column":26}},"loc":{"start":{"line":1,"column":44},"end":{"line":4,"column":1}}}},"branchMap":{},"s":{"0":0,"1":0,"2":0,"3":0},"f":{"0":0},"b":{}}
,"/home/aparna/nodejs/src/repository/employee.repository.ts": {"path":"/home/aparna/nodejs/src/repository/employee.repository.ts","statementMap":{"0":{"start":{"line":5,"column":22},"end":{"line":5,"column":54}},"1":{"start":{"line":7,"column":2},"end":{"line":9,"column":4}},"2":{"start":{"line":7,"column":41},"end":{"line":9,"column":4}},"3":{"start":{"line":8,"column":4},"end":{"line":8,"column":60}},"4":{"start":{"line":11,"column":2},"end":{"line":14,"column":4}},"5":{"start":{"line":11,"column":69},"end":{"line":14,"column":4}},"6":{"start":{"line":13,"column":4},"end":{"line":13,"column":78}},"7":{"start":{"line":16,"column":2},"end":{"line":19,"column":4}},"8":{"start":{"line":16,"column":60},"end":{"line":19,"column":4}},"9":{"start":{"line":18,"column":4},"end":{"line":18,"column":45}},"10":{"start":{"line":21,"column":2},"end":{"line":24,"column":4}},"11":{"start":{"line":21,"column":51},"end":{"line":24,"column":4}},"12":{"start":{"line":23,"column":4},"end":{"line":23,"column":46}},"13":{"start":{"line":26,"column":2},"end":{"line":29,"column":4}},"14":{"start":{"line":26,"column":47},"end":{"line":29,"column":4}},"15":{"start":{"line":28,"column":4},"end":{"line":28,"column":41}},"16":{"start":{"line":31,"column":2},"end":{"line":33,"column":4}},"17":{"start":{"line":31,"column":66},"end":{"line":33,"column":4}},"18":{"start":{"line":32,"column":4},"end":{"line":32,"column":45}},"19":{"start":{"line":36,"column":0},"end":{"line":36,"column":34}}},"fnMap":{"0":{"name":"(anonymous_7)","decl":{"start":{"line":5,"column":2},"end":{"line":5,"column":22}},"loc":{"start":{"line":5,"column":54},"end":{"line":5,"column":58}}},"1":{"name":"(anonymous_8)","decl":{"start":{"line":7,"column":9},"end":{"line":7,"column":39}},"loc":{"start":{"line":7,"column":41},"end":{"line":9,"column":4}}},"2":{"name":"(anonymous_9)","decl":{"start":{"line":7,"column":41},"end":{"line":7,"column":null}},"loc":{"start":{"line":7,"column":41},"end":{"line":9,"column":3}}},"3":{"name":"(anonymous_10)","decl":{"start":{"line":11,"column":14},"end":{"line":11,"column":21}},"loc":{"start":{"line":11,"column":69},"end":{"line":14,"column":4}}},"4":{"name":"(anonymous_11)","decl":{"start":{"line":11,"column":69},"end":{"line":11,"column":null}},"loc":{"start":{"line":11,"column":69},"end":{"line":14,"column":3}}},"5":{"name":"(anonymous_12)","decl":{"start":{"line":16,"column":9},"end":{"line":16,"column":16}},"loc":{"start":{"line":16,"column":60},"end":{"line":19,"column":4}}},"6":{"name":"(anonymous_13)","decl":{"start":{"line":16,"column":60},"end":{"line":16,"column":null}},"loc":{"start":{"line":16,"column":60},"end":{"line":19,"column":3}}},"7":{"name":"(anonymous_14)","decl":{"start":{"line":21,"column":15},"end":{"line":21,"column":22}},"loc":{"start":{"line":21,"column":51},"end":{"line":24,"column":4}}},"8":{"name":"(anonymous_15)","decl":{"start":{"line":21,"column":51},"end":{"line":21,"column":null}},"loc":{"start":{"line":21,"column":51},"end":{"line":24,"column":3}}},"9":{"name":"(anonymous_16)","decl":{"start":{"line":26,"column":11},"end":{"line":26,"column":18}},"loc":{"start":{"line":26,"column":47},"end":{"line":29,"column":4}}},"10":{"name":"(anonymous_17)","decl":{"start":{"line":26,"column":47},"end":{"line":26,"column":null}},"loc":{"start":{"line":26,"column":47},"end":{"line":29,"column":3}}},"11":{"name":"(anonymous_18)","decl":{"start":{"line":31,"column":15},"end":{"line":31,"column":22}},"loc":{"start":{"line":31,"column":66},"end":{"line":33,"column":4}}},"12":{"name":"(anonymous_19)","decl":{"start":{"line":31,"column":66},"end":{"line":31,"column":null}},"loc":{"start":{"line":31,"column":66},"end":{"line":33,"column":3}}}},"branchMap":{},"s":{"0":1,"1":1,"2":0,"3":0,"4":1,"5":0,"6":0,"7":1,"8":0,"9":0,"10":1,"11":0,"12":0,"13":1,"14":0,"15":0,"16":1,"17":0,"18":0,"19":1},"f":{"0":1,"1":0,"2":0,"3":0,"4":0,"5":0,"6":0,"7":0,"8":0,"9":0,"10":0,"11":0,"12":0},"b":{}}
,"/home/aparna/nodejs/src/routes/employee.routes.ts": {"path":"/home/aparna/nodejs/src/routes/employee.routes.ts","statementMap":{"0":{"start":{"line":1,"column":0},"end":{"line":1,"column":67}},"1":{"start":{"line":2,"column":0},"end":{"line":2,"column":67}},"2":{"start":{"line":3,"column":0},"end":{"line":3,"column":58}},"3":{"start":{"line":4,"column":0},"end":{"line":4,"column":46}},"4":{"start":{"line":5,"column":0},"end":{"line":5,"column":49}},"5":{"start":{"line":7,"column":27},"end":{"line":10,"column":null}},"6":{"start":{"line":12,"column":23},"end":{"line":12,"column":48}},"7":{"start":{"line":14,"column":0},"end":{"line":14,"column":30}}},"fnMap":{},"branchMap":{},"s":{"0":0,"1":0,"2":0,"3":0,"4":0,"5":0,"6":0,"7":0},"f":{},"b":{}}
,"/home/aparna/nodejs/src/service/employee.service.ts": {"path":"/home/aparna/nodejs/src/service/employee.service.ts","statementMap":{"0":{"start":{"line":1,"column":0},"end":{"line":1,"column":61}},"1":{"start":{"line":2,"column":0},"end":{"line":2,"column":47}},"2":{"start":{"line":3,"column":0},"end":{"line":3,"column":49}},"3":{"start":{"line":6,"column":0},"end":{"line":6,"column":28}},"4":{"start":{"line":7,"column":0},"end":{"line":7,"column":40}},"5":{"start":{"line":8,"column":0},"end":{"line":8,"column":62}},"6":{"start":{"line":12,"column":22},"end":{"line":12,"column":60}},"7":{"start":{"line":14,"column":2},"end":{"line":16,"column":4}},"8":{"start":{"line":14,"column":52},"end":{"line":16,"column":4}},"9":{"start":{"line":15,"column":4},"end":{"line":15,"column":42}},"10":{"start":{"line":18,"column":2},"end":{"line":41,"column":4}},"11":{"start":{"line":18,"column":60},"end":{"line":41,"column":4}},"12":{"start":{"line":19,"column":21},"end":{"line":19,"column":71}},"13":{"start":{"line":21,"column":4},"end":{"line":23,"column":5}},"14":{"start":{"line":22,"column":6},"end":{"line":22,"column":66}},"15":{"start":{"line":25,"column":19},"end":{"line":25,"column":68}},"16":{"start":{"line":27,"column":4},"end":{"line":29,"column":5}},"17":{"start":{"line":28,"column":6},"end":{"line":28,"column":66}},"18":{"start":{"line":31,"column":32},"end":{"line":35,"column":6}},"19":{"start":{"line":37,"column":18},"end":{"line":39,"column":6}},"20":{"start":{"line":40,"column":4},"end":{"line":40,"column":21}},"21":{"start":{"line":43,"column":2},"end":{"line":45,"column":4}},"22":{"start":{"line":43,"column":60},"end":{"line":45,"column":4}},"23":{"start":{"line":44,"column":4},"end":{"line":44,"column":53}},"24":{"start":{"line":47,"column":2},"end":{"line":73,"column":4}},"25":{"start":{"line":54,"column":25},"end":{"line":73,"column":4}},"26":{"start":{"line":55,"column":24},"end":{"line":55,"column":73}},"27":{"start":{"line":56,"column":4},"end":{"line":58,"column":5}},"28":{"start":{"line":57,"column":6},"end":{"line":57,"column":59}},"29":{"start":{"line":60,"column":24},"end":{"line":60,"column":38}},"30":{"start":{"line":61,"column":4},"end":{"line":61,"column":30}},"31":{"start":{"line":62,"column":4},"end":{"line":62,"column":28}},"32":{"start":{"line":63,"column":4},"end":{"line":63,"column":26}},"33":{"start":{"line":64,"column":4},"end":{"line":64,"column":28}},"34":{"start":{"line":65,"column":4},"end":{"line":65,"column":75}},"35":{"start":{"line":66,"column":23},"end":{"line":66,"column":36}},"36":{"start":{"line":67,"column":4},"end":{"line":67,"column":37}},"37":{"start":{"line":68,"column":4},"end":{"line":68,"column":41}},"38":{"start":{"line":70,"column":4},"end":{"line":70,"column":37}},"39":{"start":{"line":72,"column":4},"end":{"line":72,"column":53}},"40":{"start":{"line":75,"column":2},"end":{"line":84,"column":4}},"41":{"start":{"line":79,"column":25},"end":{"line":84,"column":4}},"42":{"start":{"line":80,"column":24},"end":{"line":80,"column":54}},"43":{"start":{"line":81,"column":4},"end":{"line":81,"column":30}},"44":{"start":{"line":82,"column":4},"end":{"line":82,"column":28}},"45":{"start":{"line":83,"column":4},"end":{"line":83,"column":53}},"46":{"start":{"line":86,"column":2},"end":{"line":89,"column":4}},"47":{"start":{"line":86,"column":47},"end":{"line":89,"column":4}},"48":{"start":{"line":87,"column":24},"end":{"line":87,"column":54}},"49":{"start":{"line":88,"column":4},"end":{"line":88,"column":52}},"50":{"start":{"line":92,"column":0},"end":{"line":92,"column":31}}},"fnMap":{"0":{"name":"(anonymous_8)","decl":{"start":{"line":12,"column":2},"end":{"line":12,"column":22}},"loc":{"start":{"line":12,"column":60},"end":{"line":12,"column":64}}},"1":{"name":"(anonymous_9)","decl":{"start":{"line":14,"column":20},"end":{"line":14,"column":50}},"loc":{"start":{"line":14,"column":52},"end":{"line":16,"column":4}}},"2":{"name":"(anonymous_10)","decl":{"start":{"line":14,"column":52},"end":{"line":14,"column":null}},"loc":{"start":{"line":14,"column":52},"end":{"line":16,"column":3}}},"3":{"name":"(anonymous_11)","decl":{"start":{"line":18,"column":18},"end":{"line":18,"column":25}},"loc":{"start":{"line":18,"column":60},"end":{"line":41,"column":4}}},"4":{"name":"(anonymous_12)","decl":{"start":{"line":18,"column":60},"end":{"line":18,"column":null}},"loc":{"start":{"line":18,"column":60},"end":{"line":41,"column":3}}},"5":{"name":"(anonymous_13)","decl":{"start":{"line":43,"column":20},"end":{"line":43,"column":27}},"loc":{"start":{"line":43,"column":60},"end":{"line":45,"column":4}}},"6":{"name":"(anonymous_14)","decl":{"start":{"line":43,"column":60},"end":{"line":43,"column":null}},"loc":{"start":{"line":43,"column":60},"end":{"line":45,"column":3}}},"7":{"name":"(anonymous_15)","decl":{"start":{"line":47,"column":19},"end":{"line":47,"column":null}},"loc":{"start":{"line":54,"column":25},"end":{"line":73,"column":4}}},"8":{"name":"(anonymous_16)","decl":{"start":{"line":54,"column":25},"end":{"line":54,"column":null}},"loc":{"start":{"line":54,"column":25},"end":{"line":73,"column":3}}},"9":{"name":"(anonymous_17)","decl":{"start":{"line":75,"column":19},"end":{"line":75,"column":null}},"loc":{"start":{"line":79,"column":25},"end":{"line":84,"column":4}}},"10":{"name":"(anonymous_18)","decl":{"start":{"line":79,"column":25},"end":{"line":79,"column":null}},"loc":{"start":{"line":79,"column":25},"end":{"line":84,"column":3}}},"11":{"name":"(anonymous_19)","decl":{"start":{"line":86,"column":11},"end":{"line":86,"column":18}},"loc":{"start":{"line":86,"column":47},"end":{"line":89,"column":4}}},"12":{"name":"(anonymous_20)","decl":{"start":{"line":86,"column":47},"end":{"line":86,"column":null}},"loc":{"start":{"line":86,"column":47},"end":{"line":89,"column":3}}}},"branchMap":{"0":{"loc":{"start":{"line":21,"column":4},"end":{"line":23,"column":5}},"type":"if","locations":[{"start":{"line":21,"column":4},"end":{"line":23,"column":5}}]},"1":{"loc":{"start":{"line":27,"column":4},"end":{"line":29,"column":5}},"type":"if","locations":[{"start":{"line":27,"column":4},"end":{"line":29,"column":5}}]},"2":{"loc":{"start":{"line":56,"column":4},"end":{"line":58,"column":5}},"type":"if","locations":[{"start":{"line":56,"column":4},"end":{"line":58,"column":5}}]},"3":{"loc":{"start":{"line":65,"column":27},"end":{"line":65,"column":74}},"type":"cond-expr","locations":[{"start":{"line":65,"column":38},"end":{"line":65,"column":69}},{"start":{"line":65,"column":72},"end":{"line":65,"column":74}}]}},"s":{"0":1,"1":1,"2":1,"3":1,"4":1,"5":1,"6":1,"7":1,"8":1,"9":1,"10":1,"11":0,"12":0,"13":0,"14":0,"15":0,"16":0,"17":0,"18":0,"19":0,"20":0,"21":1,"22":1,"23":1,"24":1,"25":0,"26":0,"27":0,"28":0,"29":0,"30":0,"31":0,"32":0,"33":0,"34":0,"35":0,"36":0,"37":0,"38":0,"39":0,"40":1,"41":0,"42":0,"43":0,"44":0,"45":0,"46":1,"47":0,"48":0,"49":0,"50":1},"f":{"0":1,"1":1,"2":1,"3":0,"4":0,"5":1,"6":1,"7":0,"8":0,"9":0,"10":0,"11":0,"12":0},"b":{"0":[0],"1":[0],"2":[0],"3":[0,0]}}
,"/home/aparna/nodejs/src/utils/constants.ts": {"path":"/home/aparna/nodejs/src/utils/constants.ts","statementMap":{"0":{"start":{"line":1,"column":13},"end":{"line":1,"column":33}},"1":{"start":{"line":2,"column":13},"end":{"line":2,"column":34}}},"fnMap":{},"branchMap":{},"s":{"0":1,"1":1},"f":{},"b":{}}
,"/home/aparna/nodejs/src/utils/role.enum.ts": {"path":"/home/aparna/nodejs/src/utils/role.enum.ts","statementMap":{"0":{"start":{"line":1,"column":0},"end":{"line":1,"column":null}},"1":{"start":{"line":2,"column":2},"end":{"line":2,"column":null}},"2":{"start":{"line":3,"column":2},"end":{"line":3,"column":null}},"3":{"start":{"line":4,"column":2},"end":{"line":4,"column":null}},"4":{"start":{"line":5,"column":2},"end":{"line":5,"column":null}}},"fnMap":{"0":{"name":"(anonymous_0)","decl":{"start":{"line":1,"column":0},"end":{"line":1,"column":12}},"loc":{"start":{"line":1,"column":16},"end":{"line":6,"column":1}}}},"branchMap":{"0":{"loc":{"start":{"line":1,"column":12},"end":{"line":1,"column":null}},"type":"binary-expr","locations":[{"start":{"line":1,"column":12},"end":{"line":1,"column":16}},{"start":{"line":1,"column":16},"end":{"line":1,"column":null}}]}},"s":{"0":1,"1":1,"2":1,"3":1,"4":1},"f":{"0":1},"b":{"0":[1,1]}}
}
